\BOOKMARK [2][-]{subsection.0.1}{Short Intro to Rust}{}% 1
\BOOKMARK [3][-]{subsubsection.0.1.1}{What is Rust?}{subsection.0.1}% 2
\BOOKMARK [3][-]{subsubsection.0.1.2}{Why is Rust?}{subsection.0.1}% 3
\BOOKMARK [3][-]{subsubsection.0.1.3}{Counting characters}{subsection.0.1}% 4
\BOOKMARK [3][-]{subsubsection.0.1.4}{Enum}{subsection.0.1}% 5
\BOOKMARK [3][-]{subsubsection.0.1.5}{Struct}{subsection.0.1}% 6
\BOOKMARK [3][-]{subsubsection.0.1.6}{Implementation}{subsection.0.1}% 7
\BOOKMARK [3][-]{subsubsection.0.1.7}{Function}{subsection.0.1}% 8
\BOOKMARK [3][-]{subsubsection.0.1.8}{Counting}{subsection.0.1}% 9
\BOOKMARK [3][-]{subsubsection.0.1.9}{Reset}{subsection.0.1}% 10
\BOOKMARK [3][-]{subsubsection.0.1.10}{Increment}{subsection.0.1}% 11
\BOOKMARK [2][-]{subsection.0.2}{PyO3}{}% 12
\BOOKMARK [3][-]{subsubsection.0.2.1}{Include}{subsection.0.2}% 13
\BOOKMARK [3][-]{subsubsection.0.2.2}{Wrap enum}{subsection.0.2}% 14
\BOOKMARK [3][-]{subsubsection.0.2.3}{Wrap struct}{subsection.0.2}% 15
\BOOKMARK [3][-]{subsubsection.0.2.4}{Wrap impl}{subsection.0.2}% 16
\BOOKMARK [3][-]{subsubsection.0.2.5}{Define module}{subsection.0.2}% 17
\BOOKMARK [3][-]{subsubsection.0.2.6}{Maturin develop}{subsection.0.2}% 18
\BOOKMARK [3][-]{subsubsection.0.2.7}{Maturin develop}{subsection.0.2}% 19
\BOOKMARK [2][-]{subsection.0.3}{Python}{}% 20
\BOOKMARK [3][-]{subsubsection.0.3.1}{Import}{subsection.0.3}% 21
\BOOKMARK [3][-]{subsubsection.0.3.2}{Construct}{subsection.0.3}% 22
\BOOKMARK [3][-]{subsubsection.0.3.3}{Call}{subsection.0.3}% 23
\BOOKMARK [3][-]{subsubsection.0.3.4}{Call}{subsection.0.3}% 24
\BOOKMARK [2][-]{subsection.0.4}{Conclusion}{}% 25
\BOOKMARK [3][-]{subsubsection.0.4.1}{Rust and Python is easy}{subsection.0.4}% 26
\BOOKMARK [3][-]{subsubsection.0.4.2}{Use each one for its purposes}{subsection.0.4}% 27
